2025-03-28T16:47:21.604Z  INFO 1 --- [main] c.o.graphql.ApiOtelApplication           : Starting ApiOtelApplication v0.0.1-SNAPSHOT using Java 17.0.2 with PID 1 (/app/ApiOtel-0.0.1-SNAPSHOT.jar started by root in /app)
2025-03-28T16:47:21.608Z  INFO 1 --- [main] c.o.graphql.ApiOtelApplication           : The following 1 profile is active: "docker"
2025-03-28T16:47:21.894Z  INFO 1 --- [main] .s.d.r.c.RepositoryConfigurationDelegate : Bootstrapping Spring Data JPA repositories in DEFAULT mode.
2025-03-28T16:47:21.959Z  INFO 1 --- [main] .s.d.r.c.RepositoryConfigurationDelegate : Finished Spring Data repository scanning in 61 ms. Found 2 JPA repository interfaces.
2025-03-28T16:47:22.038Z  INFO 1 --- [main] o.s.cloud.context.scope.GenericScope     : BeanFactory id=ed857cb3-78b5-36f8-b959-0c75fd6c3e95
2025-03-28T16:47:22.165Z  INFO 1 --- [main] o.s.b.w.embedded.tomcat.TomcatWebServer  : Tomcat initialized with port 8080 (http)
2025-03-28T16:47:22.170Z  INFO 1 --- [main] o.apache.catalina.core.StandardService   : Starting service [Tomcat]
2025-03-28T16:47:22.170Z  INFO 1 --- [main] o.apache.catalina.core.StandardEngine    : Starting Servlet engine: [Apache Tomcat/10.1.36]
2025-03-28T16:47:22.184Z  INFO 1 --- [main] o.a.c.c.C.[Tomcat].[localhost].[/]       : Initializing Spring embedded WebApplicationContext
2025-03-28T16:47:22.184Z  INFO 1 --- [main] w.s.c.ServletWebServerApplicationContext : Root WebApplicationContext: initialization completed in 548 ms
2025-03-28T16:47:22.244Z  INFO 1 --- [main] o.hibernate.jpa.internal.util.LogHelper  : HHH000204: Processing PersistenceUnitInfo [name: default]
2025-03-28T16:47:22.262Z  INFO 1 --- [main] org.hibernate.Version                    : HHH000412: Hibernate ORM core version 6.6.8.Final
2025-03-28T16:47:22.274Z  INFO 1 --- [main] o.h.c.internal.RegionFactoryInitiator    : HHH000026: Second-level cache disabled
2025-03-28T16:47:22.386Z  INFO 1 --- [main] o.s.o.j.p.SpringPersistenceUnitInfo      : No LoadTimeWeaver setup: ignoring JPA class transformer
2025-03-28T16:47:22.399Z  INFO 1 --- [main] com.zaxxer.hikari.HikariDataSource       : HikariPool-1 - Starting...
2025-03-28T16:47:22.480Z  INFO 1 --- [main] com.zaxxer.hikari.pool.HikariPool        : HikariPool-1 - Added connection conn0: url=jdbc:h2:mem:librarydb user=SA
2025-03-28T16:47:22.481Z  INFO 1 --- [main] com.zaxxer.hikari.HikariDataSource       : HikariPool-1 - Start completed.
2025-03-28T16:47:22.490Z  WARN 1 --- [main] org.hibernate.orm.deprecation            : HHH90000025: H2Dialect does not need to be specified explicitly using 'hibernate.dialect' (remove the property setting and it will be selected by default)
2025-03-28T16:47:22.500Z  INFO 1 --- [main] org.hibernate.orm.connections.pooling    : HHH10001005: Database info:
	Database JDBC URL [Connecting through datasource 'HikariDataSource (HikariPool-1)']
	Database driver: undefined/unknown
	Database version: 2.3.232
	Autocommit mode: undefined/unknown
	Isolation level: undefined/unknown
	Minimum pool size: undefined/unknown
	Maximum pool size: undefined/unknown
2025-03-28T16:47:22.813Z  INFO 1 --- [main] o.h.e.t.j.p.i.JtaPlatformInitiator       : HHH000489: No JTA platform available (set 'hibernate.transaction.jta.platform' to enable JTA platform integration)
2025-03-28T16:47:22.841Z  INFO 1 --- [main] j.LocalContainerEntityManagerFactoryBean : Initialized JPA EntityManagerFactory for persistence unit 'default'
2025-03-28T16:47:23.012Z  WARN 1 --- [main] JpaBaseConfiguration$JpaWebConfiguration : spring.jpa.open-in-view is enabled by default. Therefore, database queries may be performed during view rendering. Explicitly configure spring.jpa.open-in-view to disable this warning
2025-03-28T16:47:23.212Z  INFO 1 --- [main] efaultSchemaResourceGraphQlSourceBuilder : Loaded 1 resource(s) in the GraphQL schema.
2025-03-28T16:47:23.301Z  INFO 1 --- [main] o.s.b.a.g.GraphQlAutoConfiguration       : GraphQL schema inspection:
	Unmapped fields: {}
	Unmapped registrations: {}
	Unmapped arguments: {}
	Skipped types: []
2025-03-28T16:47:23.311Z  INFO 1 --- [main] s.b.a.g.s.GraphQlWebMvcAutoConfiguration : GraphQL endpoint HTTP POST /graphql
2025-03-28T16:47:23.362Z  INFO 1 --- [main] o.s.b.a.h2.H2ConsoleAutoConfiguration    : H2 console available at '/h2-console'. Database available at 'jdbc:h2:mem:librarydb'
2025-03-28T16:47:23.408Z  INFO 1 --- [main] o.s.b.w.embedded.tomcat.TomcatWebServer  : Tomcat started on port 8080 (http) with context path '/'
2025-03-28T16:47:23.415Z  INFO 1 --- [main] c.o.graphql.ApiOtelApplication           : Started ApiOtelApplication in 2.025 seconds (process running for 2.236)
2025-03-28T16:47:35.711Z  INFO 1 --- [http-nio-8080-exec-1] o.a.c.c.C.[Tomcat].[localhost].[/]       : Initializing Spring DispatcherServlet 'dispatcherServlet'
2025-03-28T16:47:35.712Z  INFO 1 --- [http-nio-8080-exec-1] o.s.web.servlet.DispatcherServlet        : Initializing Servlet 'dispatcherServlet'
2025-03-28T16:47:35.712Z  INFO 1 --- [http-nio-8080-exec-1] o.s.web.servlet.DispatcherServlet        : Completed initialization in 0 ms
2025-03-28T16:47:40.001Z  INFO 1 --- [http-nio-8080-exec-3] c.o.graphql.controller.DateController    : GraphQL query for current date received
2025-03-28T16:47:40.004Z DEBUG 1 --- [http-nio-8080-exec-3] c.o.graphql.client.DateServiceClient     : [DateServiceClient#getCurrentDate] ---> GET http://date-service:8081/api/date HTTP/1.1
2025-03-28T16:47:40.004Z DEBUG 1 --- [http-nio-8080-exec-3] c.o.graphql.client.DateServiceClient     : [DateServiceClient#getCurrentDate] ---> END HTTP (0-byte body)
2025-03-28T16:47:40.078Z DEBUG 1 --- [http-nio-8080-exec-3] c.o.graphql.client.DateServiceClient     : [DateServiceClient#getCurrentDate] <--- HTTP/1.1 200 (73ms)
2025-03-28T16:47:40.078Z DEBUG 1 --- [http-nio-8080-exec-3] c.o.graphql.client.DateServiceClient     : [DateServiceClient#getCurrentDate] connection: keep-alive
2025-03-28T16:47:40.078Z DEBUG 1 --- [http-nio-8080-exec-3] c.o.graphql.client.DateServiceClient     : [DateServiceClient#getCurrentDate] content-type: application/json
2025-03-28T16:47:40.079Z DEBUG 1 --- [http-nio-8080-exec-3] c.o.graphql.client.DateServiceClient     : [DateServiceClient#getCurrentDate] date: Fri, 28 Mar 2025 16:47:40 GMT
2025-03-28T16:47:40.079Z DEBUG 1 --- [http-nio-8080-exec-3] c.o.graphql.client.DateServiceClient     : [DateServiceClient#getCurrentDate] keep-alive: timeout=60
2025-03-28T16:47:40.079Z DEBUG 1 --- [http-nio-8080-exec-3] c.o.graphql.client.DateServiceClient     : [DateServiceClient#getCurrentDate] transfer-encoding: chunked
2025-03-28T16:47:40.079Z DEBUG 1 --- [http-nio-8080-exec-3] c.o.graphql.client.DateServiceClient     : [DateServiceClient#getCurrentDate] 
2025-03-28T16:47:40.080Z DEBUG 1 --- [http-nio-8080-exec-3] c.o.graphql.client.DateServiceClient     : [DateServiceClient#getCurrentDate] {"currentDate":"2025-03-28","formattedDate":"2025-03-28 16:47:40 UTC","timestamp":1743180460055,"timezone":"Etc/UTC"}
2025-03-28T16:47:40.080Z DEBUG 1 --- [http-nio-8080-exec-3] c.o.graphql.client.DateServiceClient     : [DateServiceClient#getCurrentDate] <--- END HTTP (117-byte body)
2025-03-28T16:47:40.083Z  INFO 1 --- [http-nio-8080-exec-3] c.o.graphql.service.DateService          : Current date from service: 2025-03-28 16:47:40 UTC
2025-03-28T16:47:40.083Z  INFO 1 --- [http-nio-8080-exec-3] c.o.graphql.controller.DateController    : Returning date information: DateResponse(currentDate=2025-03-28, formattedDate=2025-03-28 16:47:40 UTC, timestamp=1743180460055, timezone=Etc/UTC)
2025-03-28T16:52:54.982Z  WARN 1 --- [http-nio-8080-exec-6] .w.s.m.s.DefaultHandlerExceptionResolver : Resolved [org.springframework.http.converter.HttpMessageNotReadableException: JSON parse error: Unrecognized token 'query': was expecting (JSON String, Number, Array, Object or token 'null', 'true' or 'false')]
2025-03-28T16:58:22.677Z  INFO 1 --- [http-nio-8080-exec-10] c.o.graphql.controller.DateController    : GraphQL query for current date received
2025-03-28T16:58:22.679Z DEBUG 1 --- [http-nio-8080-exec-10] c.o.graphql.client.DateServiceClient     : [DateServiceClient#getCurrentDate] ---> GET http://date-service:8081/api/date HTTP/1.1
2025-03-28T16:58:22.679Z DEBUG 1 --- [http-nio-8080-exec-10] c.o.graphql.client.DateServiceClient     : [DateServiceClient#getCurrentDate] ---> END HTTP (0-byte body)
2025-03-28T16:58:22.690Z DEBUG 1 --- [http-nio-8080-exec-10] c.o.graphql.client.DateServiceClient     : [DateServiceClient#getCurrentDate] <--- HTTP/1.1 200 (10ms)
2025-03-28T16:58:22.690Z DEBUG 1 --- [http-nio-8080-exec-10] c.o.graphql.client.DateServiceClient     : [DateServiceClient#getCurrentDate] connection: keep-alive
2025-03-28T16:58:22.690Z DEBUG 1 --- [http-nio-8080-exec-10] c.o.graphql.client.DateServiceClient     : [DateServiceClient#getCurrentDate] content-type: application/json
2025-03-28T16:58:22.691Z DEBUG 1 --- [http-nio-8080-exec-10] c.o.graphql.client.DateServiceClient     : [DateServiceClient#getCurrentDate] date: Fri, 28 Mar 2025 16:58:22 GMT
2025-03-28T16:58:22.691Z DEBUG 1 --- [http-nio-8080-exec-10] c.o.graphql.client.DateServiceClient     : [DateServiceClient#getCurrentDate] keep-alive: timeout=60
2025-03-28T16:58:22.691Z DEBUG 1 --- [http-nio-8080-exec-10] c.o.graphql.client.DateServiceClient     : [DateServiceClient#getCurrentDate] transfer-encoding: chunked
2025-03-28T16:58:22.691Z DEBUG 1 --- [http-nio-8080-exec-10] c.o.graphql.client.DateServiceClient     : [DateServiceClient#getCurrentDate] 
2025-03-28T16:58:22.692Z DEBUG 1 --- [http-nio-8080-exec-10] c.o.graphql.client.DateServiceClient     : [DateServiceClient#getCurrentDate] {"currentDate":"2025-03-28","formattedDate":"2025-03-28 16:58:22 UTC","timestamp":1743181102686,"timezone":"Etc/UTC"}
2025-03-28T16:58:22.692Z DEBUG 1 --- [http-nio-8080-exec-10] c.o.graphql.client.DateServiceClient     : [DateServiceClient#getCurrentDate] <--- END HTTP (117-byte body)
2025-03-28T16:58:22.693Z  INFO 1 --- [http-nio-8080-exec-10] c.o.graphql.service.DateService          : Current date from service: 2025-03-28 16:58:22 UTC
2025-03-28T16:58:22.694Z  INFO 1 --- [http-nio-8080-exec-10] c.o.graphql.controller.DateController    : Returning date information: DateResponse(currentDate=2025-03-28, formattedDate=2025-03-28 16:58:22 UTC, timestamp=1743181102686, timezone=Etc/UTC)
2025-03-28T17:08:25.287Z  INFO 1 --- [http-nio-8080-exec-2] c.o.graphql.controller.DateController    : GraphQL query for current date received
2025-03-28T17:08:25.291Z DEBUG 1 --- [http-nio-8080-exec-2] c.o.graphql.client.DateServiceClient     : [DateServiceClient#getCurrentDate] ---> GET http://date-service:8081/api/date HTTP/1.1
2025-03-28T17:08:25.291Z DEBUG 1 --- [http-nio-8080-exec-2] c.o.graphql.client.DateServiceClient     : [DateServiceClient#getCurrentDate] ---> END HTTP (0-byte body)
2025-03-28T17:08:25.295Z DEBUG 1 --- [http-nio-8080-exec-2] c.o.graphql.client.DateServiceClient     : [DateServiceClient#getCurrentDate] <--- HTTP/1.1 200 (3ms)
2025-03-28T17:08:25.296Z DEBUG 1 --- [http-nio-8080-exec-2] c.o.graphql.client.DateServiceClient     : [DateServiceClient#getCurrentDate] connection: keep-alive
2025-03-28T17:08:25.296Z DEBUG 1 --- [http-nio-8080-exec-2] c.o.graphql.client.DateServiceClient     : [DateServiceClient#getCurrentDate] content-type: application/json
2025-03-28T17:08:25.296Z DEBUG 1 --- [http-nio-8080-exec-2] c.o.graphql.client.DateServiceClient     : [DateServiceClient#getCurrentDate] date: Fri, 28 Mar 2025 17:08:25 GMT
2025-03-28T17:08:25.296Z DEBUG 1 --- [http-nio-8080-exec-2] c.o.graphql.client.DateServiceClient     : [DateServiceClient#getCurrentDate] keep-alive: timeout=60
2025-03-28T17:08:25.297Z DEBUG 1 --- [http-nio-8080-exec-2] c.o.graphql.client.DateServiceClient     : [DateServiceClient#getCurrentDate] transfer-encoding: chunked
2025-03-28T17:08:25.297Z DEBUG 1 --- [http-nio-8080-exec-2] c.o.graphql.client.DateServiceClient     : [DateServiceClient#getCurrentDate] 
2025-03-28T17:08:25.297Z DEBUG 1 --- [http-nio-8080-exec-2] c.o.graphql.client.DateServiceClient     : [DateServiceClient#getCurrentDate] {"currentDate":"2025-03-28","formattedDate":"2025-03-28 17:08:25 UTC","timestamp":1743181705294,"timezone":"Etc/UTC"}
2025-03-28T17:08:25.297Z DEBUG 1 --- [http-nio-8080-exec-2] c.o.graphql.client.DateServiceClient     : [DateServiceClient#getCurrentDate] <--- END HTTP (117-byte body)
2025-03-28T17:08:25.298Z  INFO 1 --- [http-nio-8080-exec-2] c.o.graphql.service.DateService          : Current date from service: 2025-03-28 17:08:25 UTC
2025-03-28T17:08:25.299Z  INFO 1 --- [http-nio-8080-exec-2] c.o.graphql.controller.DateController    : Returning date information: DateResponse(currentDate=2025-03-28, formattedDate=2025-03-28 17:08:25 UTC, timestamp=1743181705294, timezone=Etc/UTC)
2025-03-28T17:11:43.763Z  INFO 1 --- [http-nio-8080-exec-7] c.o.graphql.controller.DateController    : GraphQL query for current date received
2025-03-28T17:11:43.763Z DEBUG 1 --- [http-nio-8080-exec-7] c.o.graphql.client.DateServiceClient     : [DateServiceClient#getCurrentDate] ---> GET http://date-service:8081/api/date HTTP/1.1
2025-03-28T17:11:43.763Z DEBUG 1 --- [http-nio-8080-exec-7] c.o.graphql.client.DateServiceClient     : [DateServiceClient#getCurrentDate] ---> END HTTP (0-byte body)
2025-03-28T17:11:43.767Z DEBUG 1 --- [http-nio-8080-exec-7] c.o.graphql.client.DateServiceClient     : [DateServiceClient#getCurrentDate] <--- HTTP/1.1 200 (3ms)
2025-03-28T17:11:43.767Z DEBUG 1 --- [http-nio-8080-exec-7] c.o.graphql.client.DateServiceClient     : [DateServiceClient#getCurrentDate] connection: keep-alive
2025-03-28T17:11:43.767Z DEBUG 1 --- [http-nio-8080-exec-7] c.o.graphql.client.DateServiceClient     : [DateServiceClient#getCurrentDate] content-type: application/json
2025-03-28T17:11:43.767Z DEBUG 1 --- [http-nio-8080-exec-7] c.o.graphql.client.DateServiceClient     : [DateServiceClient#getCurrentDate] date: Fri, 28 Mar 2025 17:11:43 GMT
2025-03-28T17:11:43.768Z DEBUG 1 --- [http-nio-8080-exec-7] c.o.graphql.client.DateServiceClient     : [DateServiceClient#getCurrentDate] keep-alive: timeout=60
2025-03-28T17:11:43.768Z DEBUG 1 --- [http-nio-8080-exec-7] c.o.graphql.client.DateServiceClient     : [DateServiceClient#getCurrentDate] transfer-encoding: chunked
2025-03-28T17:11:43.768Z DEBUG 1 --- [http-nio-8080-exec-7] c.o.graphql.client.DateServiceClient     : [DateServiceClient#getCurrentDate] 
2025-03-28T17:11:43.768Z DEBUG 1 --- [http-nio-8080-exec-7] c.o.graphql.client.DateServiceClient     : [DateServiceClient#getCurrentDate] {"currentDate":"2025-03-28","formattedDate":"2025-03-28 17:11:43 UTC","timestamp":1743181903765,"timezone":"Etc/UTC"}
2025-03-28T17:11:43.769Z DEBUG 1 --- [http-nio-8080-exec-7] c.o.graphql.client.DateServiceClient     : [DateServiceClient#getCurrentDate] <--- END HTTP (117-byte body)
2025-03-28T17:11:43.769Z  INFO 1 --- [http-nio-8080-exec-7] c.o.graphql.service.DateService          : Current date from service: 2025-03-28 17:11:43 UTC
2025-03-28T17:11:43.770Z  INFO 1 --- [http-nio-8080-exec-7] c.o.graphql.controller.DateController    : Returning date information: DateResponse(currentDate=2025-03-28, formattedDate=2025-03-28 17:11:43 UTC, timestamp=1743181903765, timezone=Etc/UTC)
2025-03-28T17:18:36.749Z  INFO 1 --- [SpringApplicationShutdownHook] o.s.b.w.e.tomcat.GracefulShutdown        : Commencing graceful shutdown. Waiting for active requests to complete
2025-03-28T17:18:36.752Z  INFO 1 --- [tomcat-shutdown] o.s.b.w.e.tomcat.GracefulShutdown        : Graceful shutdown complete
2025-03-28T17:18:36.755Z  INFO 1 --- [SpringApplicationShutdownHook] j.LocalContainerEntityManagerFactoryBean : Closing JPA EntityManagerFactory for persistence unit 'default'
2025-03-28T17:18:36.757Z  INFO 1 --- [SpringApplicationShutdownHook] com.zaxxer.hikari.HikariDataSource       : HikariPool-1 - Shutdown initiated...
2025-03-28T17:18:36.759Z  INFO 1 --- [SpringApplicationShutdownHook] com.zaxxer.hikari.HikariDataSource       : HikariPool-1 - Shutdown completed.
2025-03-28T17:34:50.771Z  INFO 1 --- [main] c.o.graphql.ApiOtelApplication           : Starting ApiOtelApplication v0.0.1-SNAPSHOT using Java 17.0.2 with PID 1 (/app/ApiOtel-0.0.1-SNAPSHOT.jar started by root in /app)
2025-03-28T17:34:50.773Z  INFO 1 --- [main] c.o.graphql.ApiOtelApplication           : The following 1 profile is active: "docker"
2025-03-28T17:34:51.127Z  INFO 1 --- [main] .s.d.r.c.RepositoryConfigurationDelegate : Bootstrapping Spring Data JPA repositories in DEFAULT mode.
2025-03-28T17:34:51.202Z  INFO 1 --- [main] .s.d.r.c.RepositoryConfigurationDelegate : Finished Spring Data repository scanning in 70 ms. Found 2 JPA repository interfaces.
2025-03-28T17:34:51.301Z  INFO 1 --- [main] o.s.cloud.context.scope.GenericScope     : BeanFactory id=ed857cb3-78b5-36f8-b959-0c75fd6c3e95
2025-03-28T17:34:51.460Z  INFO 1 --- [main] o.s.b.w.embedded.tomcat.TomcatWebServer  : Tomcat initialized with port 8080 (http)
2025-03-28T17:34:51.465Z  INFO 1 --- [main] o.apache.catalina.core.StandardService   : Starting service [Tomcat]
2025-03-28T17:34:51.465Z  INFO 1 --- [main] o.apache.catalina.core.StandardEngine    : Starting Servlet engine: [Apache Tomcat/10.1.36]
2025-03-28T17:34:51.477Z  INFO 1 --- [main] o.a.c.c.C.[Tomcat].[localhost].[/]       : Initializing Spring embedded WebApplicationContext
2025-03-28T17:34:51.477Z  INFO 1 --- [main] w.s.c.ServletWebServerApplicationContext : Root WebApplicationContext: initialization completed in 673 ms
2025-03-28T17:34:51.548Z  INFO 1 --- [main] o.hibernate.jpa.internal.util.LogHelper  : HHH000204: Processing PersistenceUnitInfo [name: default]
2025-03-28T17:34:51.578Z  INFO 1 --- [main] org.hibernate.Version                    : HHH000412: Hibernate ORM core version 6.6.8.Final
2025-03-28T17:34:51.593Z  INFO 1 --- [main] o.h.c.internal.RegionFactoryInitiator    : HHH000026: Second-level cache disabled
2025-03-28T17:34:51.718Z  INFO 1 --- [main] o.s.o.j.p.SpringPersistenceUnitInfo      : No LoadTimeWeaver setup: ignoring JPA class transformer
2025-03-28T17:34:51.730Z  INFO 1 --- [main] com.zaxxer.hikari.HikariDataSource       : HikariPool-1 - Starting...
2025-03-28T17:34:51.805Z  INFO 1 --- [main] com.zaxxer.hikari.pool.HikariPool        : HikariPool-1 - Added connection conn0: url=jdbc:h2:mem:librarydb user=SA
2025-03-28T17:34:51.806Z  INFO 1 --- [main] com.zaxxer.hikari.HikariDataSource       : HikariPool-1 - Start completed.
2025-03-28T17:34:51.818Z  WARN 1 --- [main] org.hibernate.orm.deprecation            : HHH90000025: H2Dialect does not need to be specified explicitly using 'hibernate.dialect' (remove the property setting and it will be selected by default)
2025-03-28T17:34:51.826Z  INFO 1 --- [main] org.hibernate.orm.connections.pooling    : HHH10001005: Database info:
	Database JDBC URL [Connecting through datasource 'HikariDataSource (HikariPool-1)']
	Database driver: undefined/unknown
	Database version: 2.3.232
	Autocommit mode: undefined/unknown
	Isolation level: undefined/unknown
	Minimum pool size: undefined/unknown
	Maximum pool size: undefined/unknown
2025-03-28T17:34:52.142Z  INFO 1 --- [main] o.h.e.t.j.p.i.JtaPlatformInitiator       : HHH000489: No JTA platform available (set 'hibernate.transaction.jta.platform' to enable JTA platform integration)
2025-03-28T17:34:52.167Z  INFO 1 --- [main] j.LocalContainerEntityManagerFactoryBean : Initialized JPA EntityManagerFactory for persistence unit 'default'
2025-03-28T17:34:52.330Z  WARN 1 --- [main] JpaBaseConfiguration$JpaWebConfiguration : spring.jpa.open-in-view is enabled by default. Therefore, database queries may be performed during view rendering. Explicitly configure spring.jpa.open-in-view to disable this warning
2025-03-28T17:34:52.541Z  INFO 1 --- [main] efaultSchemaResourceGraphQlSourceBuilder : Loaded 1 resource(s) in the GraphQL schema.
2025-03-28T17:34:52.648Z  INFO 1 --- [main] o.s.b.a.g.GraphQlAutoConfiguration       : GraphQL schema inspection:
	Unmapped fields: {}
	Unmapped registrations: {}
	Unmapped arguments: {}
	Skipped types: []
2025-03-28T17:34:52.658Z  INFO 1 --- [main] s.b.a.g.s.GraphQlWebMvcAutoConfiguration : GraphQL endpoint HTTP POST /graphql
2025-03-28T17:34:52.709Z  INFO 1 --- [main] o.s.b.a.h2.H2ConsoleAutoConfiguration    : H2 console available at '/h2-console'. Database available at 'jdbc:h2:mem:librarydb'
2025-03-28T17:34:52.749Z  INFO 1 --- [main] o.s.b.w.embedded.tomcat.TomcatWebServer  : Tomcat started on port 8080 (http) with context path '/'
2025-03-28T17:34:52.757Z  INFO 1 --- [main] c.o.graphql.ApiOtelApplication           : Started ApiOtelApplication in 2.206 seconds (process running for 2.434)
2025-03-28T17:35:05.646Z  INFO 1 --- [http-nio-8080-exec-1] o.a.c.c.C.[Tomcat].[localhost].[/]       : Initializing Spring DispatcherServlet 'dispatcherServlet'
2025-03-28T17:35:05.647Z  INFO 1 --- [http-nio-8080-exec-1] o.s.web.servlet.DispatcherServlet        : Initializing Servlet 'dispatcherServlet'
2025-03-28T17:35:05.648Z  INFO 1 --- [http-nio-8080-exec-1] o.s.web.servlet.DispatcherServlet        : Completed initialization in 1 ms
2025-03-28T17:35:05.717Z  INFO 1 --- [http-nio-8080-exec-1] c.o.graphql.controller.DateController    : GraphQL query for current date received
2025-03-28T17:35:05.718Z DEBUG 1 --- [http-nio-8080-exec-1] c.o.graphql.client.DateServiceClient     : [DateServiceClient#getCurrentDate] ---> GET http://date-service:8081/api/date HTTP/1.1
2025-03-28T17:35:05.718Z DEBUG 1 --- [http-nio-8080-exec-1] c.o.graphql.client.DateServiceClient     : [DateServiceClient#getCurrentDate] ---> END HTTP (0-byte body)
2025-03-28T17:35:05.826Z DEBUG 1 --- [http-nio-8080-exec-1] c.o.graphql.client.DateServiceClient     : [DateServiceClient#getCurrentDate] <--- HTTP/1.1 200 (107ms)
2025-03-28T17:35:05.826Z DEBUG 1 --- [http-nio-8080-exec-1] c.o.graphql.client.DateServiceClient     : [DateServiceClient#getCurrentDate] connection: keep-alive
2025-03-28T17:35:05.827Z DEBUG 1 --- [http-nio-8080-exec-1] c.o.graphql.client.DateServiceClient     : [DateServiceClient#getCurrentDate] content-type: application/json
2025-03-28T17:35:05.827Z DEBUG 1 --- [http-nio-8080-exec-1] c.o.graphql.client.DateServiceClient     : [DateServiceClient#getCurrentDate] date: Fri, 28 Mar 2025 17:35:05 GMT
2025-03-28T17:35:05.827Z DEBUG 1 --- [http-nio-8080-exec-1] c.o.graphql.client.DateServiceClient     : [DateServiceClient#getCurrentDate] keep-alive: timeout=60
2025-03-28T17:35:05.827Z DEBUG 1 --- [http-nio-8080-exec-1] c.o.graphql.client.DateServiceClient     : [DateServiceClient#getCurrentDate] transfer-encoding: chunked
2025-03-28T17:35:05.827Z DEBUG 1 --- [http-nio-8080-exec-1] c.o.graphql.client.DateServiceClient     : [DateServiceClient#getCurrentDate] 
2025-03-28T17:35:05.827Z DEBUG 1 --- [http-nio-8080-exec-1] c.o.graphql.client.DateServiceClient     : [DateServiceClient#getCurrentDate] {"currentDate":"2025-03-28","formattedDate":"2025-03-28 17:35:05 UTC","timestamp":1743183305768,"timezone":"Etc/UTC"}
2025-03-28T17:35:05.827Z DEBUG 1 --- [http-nio-8080-exec-1] c.o.graphql.client.DateServiceClient     : [DateServiceClient#getCurrentDate] <--- END HTTP (117-byte body)
2025-03-28T17:35:05.831Z  INFO 1 --- [http-nio-8080-exec-1] c.o.graphql.service.DateService          : Current date from service: 2025-03-28 17:35:05 UTC
2025-03-28T17:35:05.831Z  INFO 1 --- [http-nio-8080-exec-1] c.o.graphql.controller.DateController    : Returning date information: DateResponse(currentDate=2025-03-28, formattedDate=2025-03-28 17:35:05 UTC, timestamp=1743183305768, timezone=Etc/UTC)
2025-03-28T17:35:56.255Z  INFO 1 --- [http-nio-8080-exec-3] c.o.graphql.controller.DateController    : GraphQL query for current date received
2025-03-28T17:35:56.255Z DEBUG 1 --- [http-nio-8080-exec-3] c.o.graphql.client.DateServiceClient     : [DateServiceClient#getCurrentDate] ---> GET http://date-service:8081/api/date HTTP/1.1
2025-03-28T17:35:56.256Z DEBUG 1 --- [http-nio-8080-exec-3] c.o.graphql.client.DateServiceClient     : [DateServiceClient#getCurrentDate] ---> END HTTP (0-byte body)
2025-03-28T17:35:56.259Z DEBUG 1 --- [http-nio-8080-exec-3] c.o.graphql.client.DateServiceClient     : [DateServiceClient#getCurrentDate] <--- HTTP/1.1 200 (3ms)
2025-03-28T17:35:56.259Z DEBUG 1 --- [http-nio-8080-exec-3] c.o.graphql.client.DateServiceClient     : [DateServiceClient#getCurrentDate] connection: keep-alive
2025-03-28T17:35:56.260Z DEBUG 1 --- [http-nio-8080-exec-3] c.o.graphql.client.DateServiceClient     : [DateServiceClient#getCurrentDate] content-type: application/json
2025-03-28T17:35:56.260Z DEBUG 1 --- [http-nio-8080-exec-3] c.o.graphql.client.DateServiceClient     : [DateServiceClient#getCurrentDate] date: Fri, 28 Mar 2025 17:35:56 GMT
2025-03-28T17:35:56.260Z DEBUG 1 --- [http-nio-8080-exec-3] c.o.graphql.client.DateServiceClient     : [DateServiceClient#getCurrentDate] keep-alive: timeout=60
2025-03-28T17:35:56.260Z DEBUG 1 --- [http-nio-8080-exec-3] c.o.graphql.client.DateServiceClient     : [DateServiceClient#getCurrentDate] transfer-encoding: chunked
2025-03-28T17:35:56.260Z DEBUG 1 --- [http-nio-8080-exec-3] c.o.graphql.client.DateServiceClient     : [DateServiceClient#getCurrentDate] 
2025-03-28T17:35:56.261Z DEBUG 1 --- [http-nio-8080-exec-3] c.o.graphql.client.DateServiceClient     : [DateServiceClient#getCurrentDate] {"currentDate":"2025-03-28","formattedDate":"2025-03-28 17:35:56 UTC","timestamp":1743183356257,"timezone":"Etc/UTC"}
2025-03-28T17:35:56.261Z DEBUG 1 --- [http-nio-8080-exec-3] c.o.graphql.client.DateServiceClient     : [DateServiceClient#getCurrentDate] <--- END HTTP (117-byte body)
2025-03-28T17:35:56.261Z  INFO 1 --- [http-nio-8080-exec-3] c.o.graphql.service.DateService          : Current date from service: 2025-03-28 17:35:56 UTC
2025-03-28T17:35:56.261Z  INFO 1 --- [http-nio-8080-exec-3] c.o.graphql.controller.DateController    : Returning date information: DateResponse(currentDate=2025-03-28, formattedDate=2025-03-28 17:35:56 UTC, timestamp=1743183356257, timezone=Etc/UTC)
2025-03-28T17:43:26.247Z  INFO 1 --- [http-nio-8080-exec-7] c.o.graphql.controller.DateController    : GraphQL query for current date received
2025-03-28T17:43:26.248Z DEBUG 1 --- [http-nio-8080-exec-7] c.o.graphql.client.DateServiceClient     : [DateServiceClient#getCurrentDate] ---> GET http://date-service:8081/api/date HTTP/1.1
2025-03-28T17:43:26.249Z DEBUG 1 --- [http-nio-8080-exec-7] c.o.graphql.client.DateServiceClient     : [DateServiceClient#getCurrentDate] ---> END HTTP (0-byte body)
2025-03-28T17:43:26.256Z DEBUG 1 --- [http-nio-8080-exec-7] c.o.graphql.client.DateServiceClient     : [DateServiceClient#getCurrentDate] <--- HTTP/1.1 200 (7ms)
2025-03-28T17:43:26.257Z DEBUG 1 --- [http-nio-8080-exec-7] c.o.graphql.client.DateServiceClient     : [DateServiceClient#getCurrentDate] connection: keep-alive
2025-03-28T17:43:26.257Z DEBUG 1 --- [http-nio-8080-exec-7] c.o.graphql.client.DateServiceClient     : [DateServiceClient#getCurrentDate] content-type: application/json
2025-03-28T17:43:26.257Z DEBUG 1 --- [http-nio-8080-exec-7] c.o.graphql.client.DateServiceClient     : [DateServiceClient#getCurrentDate] date: Fri, 28 Mar 2025 17:43:26 GMT
2025-03-28T17:43:26.258Z DEBUG 1 --- [http-nio-8080-exec-7] c.o.graphql.client.DateServiceClient     : [DateServiceClient#getCurrentDate] keep-alive: timeout=60
2025-03-28T17:43:26.258Z DEBUG 1 --- [http-nio-8080-exec-7] c.o.graphql.client.DateServiceClient     : [DateServiceClient#getCurrentDate] transfer-encoding: chunked
2025-03-28T17:43:26.258Z DEBUG 1 --- [http-nio-8080-exec-7] c.o.graphql.client.DateServiceClient     : [DateServiceClient#getCurrentDate] 
2025-03-28T17:43:26.259Z DEBUG 1 --- [http-nio-8080-exec-7] c.o.graphql.client.DateServiceClient     : [DateServiceClient#getCurrentDate] {"currentDate":"2025-03-28","formattedDate":"2025-03-28 17:43:26 UTC","timestamp":1743183806252,"timezone":"Etc/UTC"}
2025-03-28T17:43:26.259Z DEBUG 1 --- [http-nio-8080-exec-7] c.o.graphql.client.DateServiceClient     : [DateServiceClient#getCurrentDate] <--- END HTTP (117-byte body)
2025-03-28T17:43:26.260Z  INFO 1 --- [http-nio-8080-exec-7] c.o.graphql.service.DateService          : Current date from service: 2025-03-28 17:43:26 UTC
2025-03-28T17:43:26.260Z  INFO 1 --- [http-nio-8080-exec-7] c.o.graphql.controller.DateController    : Returning date information: DateResponse(currentDate=2025-03-28, formattedDate=2025-03-28 17:43:26 UTC, timestamp=1743183806252, timezone=Etc/UTC)
2025-03-28T17:47:02.202Z  INFO 1 --- [SpringApplicationShutdownHook] o.s.b.w.e.tomcat.GracefulShutdown        : Commencing graceful shutdown. Waiting for active requests to complete
2025-03-28T17:47:02.205Z  INFO 1 --- [tomcat-shutdown] o.s.b.w.e.tomcat.GracefulShutdown        : Graceful shutdown complete
2025-03-28T17:47:02.210Z  INFO 1 --- [SpringApplicationShutdownHook] j.LocalContainerEntityManagerFactoryBean : Closing JPA EntityManagerFactory for persistence unit 'default'
2025-03-28T17:47:02.212Z  INFO 1 --- [SpringApplicationShutdownHook] com.zaxxer.hikari.HikariDataSource       : HikariPool-1 - Shutdown initiated...
2025-03-28T17:47:02.213Z  INFO 1 --- [SpringApplicationShutdownHook] com.zaxxer.hikari.HikariDataSource       : HikariPool-1 - Shutdown completed.
